{
  "stats": {
    "suites": 2,
    "tests": 7,
    "passes": 7,
    "pending": 0,
    "failures": 0,
    "start": "2024-12-02T01:58:33.751Z",
    "end": "2024-12-02T01:58:43.807Z",
    "duration": 10056,
    "testsRegistered": 7,
    "passPercent": 100,
    "pendingPercent": 0,
    "other": 0,
    "hasOther": false,
    "skipped": 0,
    "hasSkipped": false
  },
  "results": [
    {
      "uuid": "1a7e4a5e-3cbc-4830-b765-787b1e56464d",
      "title": "",
      "fullFile": "",
      "file": "",
      "beforeHooks": [],
      "afterHooks": [],
      "tests": [],
      "suites": [
        {
          "uuid": "3b564252-ce3a-4e70-a7b1-d7a1cde2d82e",
          "title": "home",
          "fullFile": "/home/mothe/GitHub/codecept-express/e2e/home_test.js",
          "file": "/e2e/home_test.js",
          "beforeHooks": [
            {
              "title": "\"before all\" hook: codeceptjs.beforeSuite in \"home\"",
              "fullTitle": "home \"before all\" hook: codeceptjs.beforeSuite in \"home\"",
              "timedOut": false,
              "duration": 310,
              "state": null,
              "speed": null,
              "pass": false,
              "fail": false,
              "pending": false,
              "context": null,
              "code": "scenario.suiteSetup(suite)",
              "err": {},
              "uuid": "2fda0252-4f72-4865-9d22-26afb3a6b3f7",
              "parentUUID": "3b564252-ce3a-4e70-a7b1-d7a1cde2d82e",
              "isHook": true,
              "skipped": false
            },
            {
              "title": "\"before each\" hook: codeceptjs.before in \"home\"",
              "fullTitle": "home \"before each\" hook: codeceptjs.before in \"home\"",
              "timedOut": false,
              "duration": 228,
              "state": null,
              "speed": null,
              "pass": false,
              "fail": false,
              "pending": false,
              "context": null,
              "code": "scenario.setup(suite)",
              "err": {},
              "uuid": "5fd823ff-d007-4503-b50f-20310a46bf6c",
              "parentUUID": "3b564252-ce3a-4e70-a7b1-d7a1cde2d82e",
              "isHook": true,
              "skipped": false
            }
          ],
          "afterHooks": [
            {
              "title": "\"after all\" hook: codeceptjs.afterSuite in \"home\"",
              "fullTitle": "home \"after all\" hook: codeceptjs.afterSuite in \"home\"",
              "timedOut": false,
              "duration": 0,
              "state": null,
              "speed": null,
              "pass": false,
              "fail": false,
              "pending": false,
              "context": null,
              "code": "scenario.suiteTeardown(suite)",
              "err": {},
              "uuid": "9b5a6a72-9166-4982-8dfc-3fde38a8c785",
              "parentUUID": "3b564252-ce3a-4e70-a7b1-d7a1cde2d82e",
              "isHook": true,
              "skipped": false
            },
            {
              "title": "\"after each\" hook: finalize codeceptjs in \"home\"",
              "fullTitle": "home \"after each\" hook: finalize codeceptjs in \"home\"",
              "timedOut": false,
              "duration": 304,
              "state": null,
              "speed": null,
              "pass": false,
              "fail": false,
              "pending": false,
              "context": null,
              "code": "scenario.teardown(suite)",
              "err": {},
              "uuid": "9b1ee9bc-9f48-4007-ae09-64734cbbc10c",
              "parentUUID": "3b564252-ce3a-4e70-a7b1-d7a1cde2d82e",
              "isHook": true,
              "skipped": false
            }
          ],
          "tests": [
            {
              "title": "Webapp deve estar online",
              "fullTitle": "home: Webapp deve estar online",
              "timedOut": false,
              "duration": 526,
              "state": "passed",
              "speed": "slow",
              "pass": true,
              "fail": false,
              "pending": false,
              "context": null,
              "code": "I }) => {\n  I.amOnPage('/')\n  I.seeTitleEquals('Gerencie suas tarefas com Mark L')",
              "err": {},
              "uuid": "716ae7f9-6b31-4cba-884b-2c17a0e8c073",
              "parentUUID": "3b564252-ce3a-4e70-a7b1-d7a1cde2d82e",
              "isHook": false,
              "skipped": false
            }
          ],
          "suites": [],
          "passes": [
            "716ae7f9-6b31-4cba-884b-2c17a0e8c073"
          ],
          "failures": [],
          "pending": [],
          "skipped": [],
          "duration": 526,
          "root": false,
          "rootEmpty": false,
          "_timeout": 0
        },
        {
          "uuid": "0e23e238-41cc-42b1-bcab-23ca76edff12",
          "title": "tasks",
          "fullFile": "/home/mothe/GitHub/codecept-express/e2e/tasks_test.js",
          "file": "/e2e/tasks_test.js",
          "beforeHooks": [
            {
              "title": "\"before all\" hook: codeceptjs.beforeSuite in \"tasks\"",
              "fullTitle": "tasks \"before all\" hook: codeceptjs.beforeSuite in \"tasks\"",
              "timedOut": false,
              "duration": 0,
              "state": null,
              "speed": null,
              "pass": false,
              "fail": false,
              "pending": false,
              "context": null,
              "code": "scenario.suiteSetup(suite)",
              "err": {},
              "uuid": "61552e7f-5ffa-4de8-a391-209522dc79b0",
              "parentUUID": "0e23e238-41cc-42b1-bcab-23ca76edff12",
              "isHook": true,
              "skipped": false
            },
            {
              "title": "\"before each\" hook: codeceptjs.before in \"tasks\"",
              "fullTitle": "tasks \"before each\" hook: codeceptjs.before in \"tasks\"",
              "timedOut": false,
              "duration": 143,
              "state": null,
              "speed": null,
              "pass": false,
              "fail": false,
              "pending": false,
              "context": null,
              "code": "scenario.setup(suite)",
              "err": {},
              "uuid": "66535d83-71a4-4477-b742-03b517ac6ac5",
              "parentUUID": "0e23e238-41cc-42b1-bcab-23ca76edff12",
              "isHook": true,
              "skipped": false
            }
          ],
          "afterHooks": [
            {
              "title": "\"after all\" hook: codeceptjs.afterSuite in \"tasks\"",
              "fullTitle": "tasks \"after all\" hook: codeceptjs.afterSuite in \"tasks\"",
              "timedOut": false,
              "duration": 0,
              "state": null,
              "speed": null,
              "pass": false,
              "fail": false,
              "pending": false,
              "context": null,
              "code": "scenario.suiteTeardown(suite)",
              "err": {},
              "uuid": "9137e788-82ec-40c9-98ef-5ae732c62733",
              "parentUUID": "0e23e238-41cc-42b1-bcab-23ca76edff12",
              "isHook": true,
              "skipped": false
            },
            {
              "title": "\"after each\" hook: finalize codeceptjs in \"tasks\"",
              "fullTitle": "tasks \"after each\" hook: finalize codeceptjs in \"tasks\"",
              "timedOut": false,
              "duration": 222,
              "state": null,
              "speed": null,
              "pass": false,
              "fail": false,
              "pending": false,
              "context": null,
              "code": "scenario.teardown(suite)",
              "err": {},
              "uuid": "f9a9d1ea-3898-4792-a2ee-f7fe0f3bb855",
              "parentUUID": "0e23e238-41cc-42b1-bcab-23ca76edff12",
              "isHook": true,
              "skipped": false
            }
          ],
          "tests": [
            {
              "title": "deve poder cadastrar uma nova tarefa | {\"name\":\"Fazer compras\"} @create",
              "fullTitle": "tasks: deve poder cadastrar uma nova tarefa | {\"name\":\"Fazer compras\"} @create",
              "timedOut": false,
              "duration": 1129,
              "state": "passed",
              "speed": "slow",
              "pass": true,
              "fail": false,
              "pending": false,
              "context": null,
              "code": "I, tasksPage, current }) => {\n  const taskName = current.name\n  I.deleteByHelper(taskName)\n  tasksPage.create(taskName)\n  tasksPage.haveTask(taskName)",
              "err": {},
              "uuid": "f4440fae-a595-4b41-9b9e-75c65c8c6b88",
              "parentUUID": "0e23e238-41cc-42b1-bcab-23ca76edff12",
              "isHook": false,
              "skipped": false
            },
            {
              "title": "deve poder cadastrar uma nova tarefa | {\"name\":\"Ler um livro de Javascript\"} @create",
              "fullTitle": "tasks: deve poder cadastrar uma nova tarefa | {\"name\":\"Ler um livro de Javascript\"} @create",
              "timedOut": false,
              "duration": 1280,
              "state": "passed",
              "speed": "slow",
              "pass": true,
              "fail": false,
              "pending": false,
              "context": null,
              "code": "I, tasksPage, current }) => {\n  const taskName = current.name\n  I.deleteByHelper(taskName)\n  tasksPage.create(taskName)\n  tasksPage.haveTask(taskName)",
              "err": {},
              "uuid": "4cc9246e-8ff3-405b-8879-052650135b54",
              "parentUUID": "0e23e238-41cc-42b1-bcab-23ca76edff12",
              "isHook": false,
              "skipped": false
            },
            {
              "title": "deve poder cadastrar uma nova tarefa | {\"name\":\"Estudar NodeJs\"} @create",
              "fullTitle": "tasks: deve poder cadastrar uma nova tarefa | {\"name\":\"Estudar NodeJs\"} @create",
              "timedOut": false,
              "duration": 1180,
              "state": "passed",
              "speed": "slow",
              "pass": true,
              "fail": false,
              "pending": false,
              "context": null,
              "code": "I, tasksPage, current }) => {\n  const taskName = current.name\n  I.deleteByHelper(taskName)\n  tasksPage.create(taskName)\n  tasksPage.haveTask(taskName)",
              "err": {},
              "uuid": "a9e41deb-c578-4c58-9e57-dc2241616253",
              "parentUUID": "0e23e238-41cc-42b1-bcab-23ca76edff12",
              "isHook": false,
              "skipped": false
            },
            {
              "title": "deve poder cadastrar uma nova tarefa | {\"name\":\"Ler um livro de Node.js\"} @create",
              "fullTitle": "tasks: deve poder cadastrar uma nova tarefa | {\"name\":\"Ler um livro de Node.js\"} @create",
              "timedOut": false,
              "duration": 1262,
              "state": "passed",
              "speed": "slow",
              "pass": true,
              "fail": false,
              "pending": false,
              "context": null,
              "code": "I, tasksPage, current }) => {\n  const taskName = current.name\n  I.deleteByHelper(taskName)\n  tasksPage.create(taskName)\n  tasksPage.haveTask(taskName)",
              "err": {},
              "uuid": "573c77a2-bc24-490e-bef0-fa41e3f5586c",
              "parentUUID": "0e23e238-41cc-42b1-bcab-23ca76edff12",
              "isHook": false,
              "skipped": false
            },
            {
              "title": "deve poder cadastrar uma nova tarefa | {\"name\":\"Ler um livro de Testes de Software\"} @create",
              "fullTitle": "tasks: deve poder cadastrar uma nova tarefa | {\"name\":\"Ler um livro de Testes de Software\"} @create",
              "timedOut": false,
              "duration": 1519,
              "state": "passed",
              "speed": "slow",
              "pass": true,
              "fail": false,
              "pending": false,
              "context": null,
              "code": "I, tasksPage, current }) => {\n  const taskName = current.name\n  I.deleteByHelper(taskName)\n  tasksPage.create(taskName)\n  tasksPage.haveTask(taskName)",
              "err": {},
              "uuid": "cca29560-df89-4c4e-bdf5-e026727f7420",
              "parentUUID": "0e23e238-41cc-42b1-bcab-23ca76edff12",
              "isHook": false,
              "skipped": false
            },
            {
              "title": "não deve cadastrar tarefas com nome duplicado @duplicate",
              "fullTitle": "tasks: não deve cadastrar tarefas com nome duplicado @duplicate",
              "timedOut": false,
              "duration": 1165,
              "state": "passed",
              "speed": "slow",
              "pass": true,
              "fail": false,
              "pending": false,
              "context": null,
              "code": "I, tasksPage }) => {\n  const task = {\n    name: 'Estudar Automação',\n    is_done: false,\n  }\n  I.deleteByHelper(task.name)\n  I.postTask(task)\n  tasksPage.create(task.name)\n  tasksPage.popUpHaveTask('Task already exists!')",
              "err": {},
              "uuid": "6b1f8f8a-c3b5-4316-863f-f0619a4c0290",
              "parentUUID": "0e23e238-41cc-42b1-bcab-23ca76edff12",
              "isHook": false,
              "skipped": false
            }
          ],
          "suites": [],
          "passes": [
            "f4440fae-a595-4b41-9b9e-75c65c8c6b88",
            "4cc9246e-8ff3-405b-8879-052650135b54",
            "a9e41deb-c578-4c58-9e57-dc2241616253",
            "573c77a2-bc24-490e-bef0-fa41e3f5586c",
            "cca29560-df89-4c4e-bdf5-e026727f7420",
            "6b1f8f8a-c3b5-4316-863f-f0619a4c0290"
          ],
          "failures": [],
          "pending": [],
          "skipped": [],
          "duration": 7535,
          "root": false,
          "rootEmpty": false,
          "_timeout": 0
        }
      ],
      "passes": [],
      "failures": [],
      "pending": [],
      "skipped": [],
      "duration": 0,
      "root": true,
      "rootEmpty": true,
      "_timeout": 0
    }
  ],
  "meta": {
    "mocha": {
      "version": "10.8.2"
    },
    "mochawesome": {
      "options": {
        "quiet": false,
        "reportFilename": "mochawesome",
        "saveHtml": true,
        "saveJson": true,
        "consoleReporter": "spec",
        "useInlineDiffs": false,
        "code": true
      },
      "version": "7.1.3"
    },
    "marge": {
      "options": {
        "reportDir": "output"
      },
      "version": "6.2.0"
    }
  }
}